<?xml version="1.0" encoding="UTF-8"?>
<testsuite xmlns:xsi="http://www.w3.org/2001/XMLSchema-instance" xsi:noNamespaceSchemaLocation="https://maven.apache.org/surefire/maven-surefire-plugin/xsd/surefire-test-report-3.0.xsd" version="3.0" name="com.angeldevprojects.taskly.TasklyApplicationTests" time="6.498" tests="1" errors="0" skipped="0" failures="0">
  <properties>
[...]
</properties>
  <testcase name="contextLoads" classname="com.angeldevprojects.taskly.TasklyApplicationTests" time="0.44">
    <system-out><![CDATA[19:29:44.770 [main] INFO org.springframework.test.context.support.AnnotationConfigContextLoaderUtils -- Could not detect default configuration classes for test class [com.angeldevprojects.taskly.TasklyApplicationTests]: TasklyApplicationTests does not declare any static, non-private, non-final, nested classes annotated with @Configuration.
19:29:44.852 [main] INFO org.springframework.boot.test.context.SpringBootTestContextBootstrapper -- Found @SpringBootConfiguration com.angeldevprojects.taskly.TasklyApplication for test class com.angeldevprojects.taskly.TasklyApplicationTests

  .   ____          _            __ _ _
 /\\ / ___'_ __ _ _(_)_ __  __ _ \ \ \ \
( ( )\___ | '_ | '_| | '_ \/ _` | \ \ \ \
 \\/  ___)| |_)| | | | | || (_| |  ) ) ) )
  '  |____| .__|_| |_|_| |_\__, | / / / /
 =========|_|==============|___/=/_/_/_/
 :: Spring Boot ::                (v3.1.4)

2024-03-14T19:29:45.177+01:00  INFO 13228 --- [           main] c.a.taskly.TasklyApplicationTests        : Starting TasklyApplicationTests using Java 21.0.2 with PID 13228 (started by aadel in C:\Users\aadel\OneDrive\Documentos\GitHub\taskly-spring-api)
2024-03-14T19:29:45.178+01:00  INFO 13228 --- [           main] c.a.taskly.TasklyApplicationTests        : No active profile set, falling back to 1 default profile: "default"
2024-03-14T19:29:45.733+01:00  INFO 13228 --- [           main] .s.d.r.c.RepositoryConfigurationDelegate : Bootstrapping Spring Data JPA repositories in DEFAULT mode.
2024-03-14T19:29:45.791+01:00  INFO 13228 --- [           main] .s.d.r.c.RepositoryConfigurationDelegate : Finished Spring Data repository scanning in 52 ms. Found 3 JPA repository interfaces.
2024-03-14T19:29:46.214+01:00  INFO 13228 --- [           main] o.hibernate.jpa.internal.util.LogHelper  : HHH000204: Processing PersistenceUnitInfo [name: default]
2024-03-14T19:29:46.274+01:00  INFO 13228 --- [           main] org.hibernate.Version                    : HHH000412: Hibernate ORM core version 6.2.9.Final
2024-03-14T19:29:46.276+01:00  INFO 13228 --- [           main] org.hibernate.cfg.Environment            : HHH000406: Using bytecode reflection optimizer
2024-03-14T19:29:46.425+01:00  INFO 13228 --- [           main] o.h.b.i.BytecodeProviderInitiator        : HHH000021: Bytecode provider name : bytebuddy
2024-03-14T19:29:46.568+01:00  INFO 13228 --- [           main] o.s.o.j.p.SpringPersistenceUnitInfo      : No LoadTimeWeaver setup: ignoring JPA class transformer
2024-03-14T19:29:46.583+01:00  INFO 13228 --- [           main] com.zaxxer.hikari.HikariDataSource       : HikariPool-1 - Starting...
2024-03-14T19:29:47.360+01:00  INFO 13228 --- [           main] com.zaxxer.hikari.pool.HikariPool        : HikariPool-1 - Added connection org.postgresql.jdbc.PgConnection@7f8c3646
2024-03-14T19:29:47.362+01:00  INFO 13228 --- [           main] com.zaxxer.hikari.HikariDataSource       : HikariPool-1 - Start completed.
2024-03-14T19:29:47.766+01:00  INFO 13228 --- [           main] o.h.b.i.BytecodeProviderInitiator        : HHH000021: Bytecode provider name : bytebuddy
2024-03-14T19:29:48.515+01:00  INFO 13228 --- [           main] o.h.e.t.j.p.i.JtaPlatformInitiator       : HHH000490: Using JtaPlatform implementation: [org.hibernate.engine.transaction.jta.platform.internal.NoJtaPlatform]
2024-03-14T19:29:49.162+01:00  INFO 13228 --- [           main] j.LocalContainerEntityManagerFactoryBean : Initialized JPA EntityManagerFactory for persistence unit 'default'
2024-03-14T19:29:49.632+01:00  INFO 13228 --- [           main] o.s.d.j.r.query.QueryEnhancerFactory     : Hibernate is in classpath; If applicable, HQL parser will be used.
2024-03-14T19:29:50.064+01:00  WARN 13228 --- [           main] JpaBaseConfiguration$JpaWebConfiguration : spring.jpa.open-in-view is enabled by default. Therefore, database queries may be performed during view rendering. Explicitly configure spring.jpa.open-in-view to disable this warning
2024-03-14T19:29:50.087+01:00  WARN 13228 --- [           main] .s.s.UserDetailsServiceAutoConfiguration : 

Using generated security password: ae34cca0-39ed-4bfb-8ba1-ba2699ea07b3

This generated password is for development use only. Your security configuration must be updated before running your application in production.

2024-03-14T19:29:50.186+01:00  INFO 13228 --- [           main] o.s.s.web.DefaultSecurityFilterChain     : Will secure any request with [org.springframework.security.web.session.DisableEncodeUrlFilter@2250deae, org.springframework.security.web.context.request.async.WebAsyncManagerIntegrationFilter@49e8548d, org.springframework.security.web.context.SecurityContextHolderFilter@597084b7, org.springframework.security.web.header.HeaderWriterFilter@23c0fcf0, org.springframework.security.web.authentication.logout.LogoutFilter@441d3ddf, com.angeldevprojects.taskly.config.jwt.JwtAuthFilter@3fb920d9, org.springframework.security.web.savedrequest.RequestCacheAwareFilter@7fd624f5, org.springframework.security.web.servletapi.SecurityContextHolderAwareRequestFilter@14b4f462, org.springframework.security.web.authentication.AnonymousAuthenticationFilter@5d3a147f, org.springframework.security.web.session.SessionManagementFilter@4458887d, org.springframework.security.web.access.ExceptionTranslationFilter@60f6d689, org.springframework.security.web.access.intercept.AuthorizationFilter@1c3eeda4]
2024-03-14T19:29:50.676+01:00  INFO 13228 --- [           main] c.a.taskly.TasklyApplicationTests        : Started TasklyApplicationTests in 5.705 seconds (process running for 6.452)
]]></system-out>
    <system-err><![CDATA[WARNING: A Java agent has been loaded dynamically (C:\Users\aadel\.m2\repository\net\bytebuddy\byte-buddy-agent\1.14.8\byte-buddy-agent-1.14.8.jar)
WARNING: If a serviceability tool is in use, please run with -XX:+EnableDynamicAgentLoading to hide this warning
WARNING: If a serviceability tool is not in use, please run with -Djdk.instrument.traceUsage for more information
WARNING: Dynamic loading of agents will be disallowed by default in a future release
]]></system-err>
  </testcase>
</testsuite>